This file contains any messages produced by compilers while
running configure, to aid debugging if configure makes a mistake.

It was created by GD configure 2.0.15, which was
generated by GNU Autoconf 2.57.  Invocation command line was

  $ ./configure --enable-shared

## --------- ##
## Platform. ##
## --------- ##

hostname = www
uname -m = x86_64
uname -r = 2.6.22.8
uname -s = Linux
uname -v = #1 SMP Tue Sep 25 20:41:25 BST 2007

/usr/bin/uname -p = x86_64
/bin/uname -X     = unknown

/bin/arch              = x86_64
/usr/bin/arch -k       = unknown
/usr/convex/getsysinfo = unknown
hostinfo               = unknown
/bin/machine           = unknown
/usr/bin/oslevel       = unknown
/bin/universe          = unknown

PATH: /usr/local/sbin
PATH: /usr/sbin
PATH: /sbin
PATH: /usr/local/bin
PATH: /usr/bin
PATH: /bin
PATH: /usr/games
PATH: /usr/lib64/java/bin
PATH: /usr/lib64/java/jre/bin
PATH: /usr/lib64/qt/bin
PATH: /usr/share/texmf/bin


## ----------- ##
## Core tests. ##
## ----------- ##

configure:1515: checking for a BSD-compatible install
configure:1569: result: /usr/bin/ginstall -c
configure:1580: checking whether build environment is sane
configure:1623: result: yes
configure:1656: checking for gawk
configure:1672: found /usr/bin/gawk
configure:1682: result: gawk
configure:1692: checking whether make sets $(MAKE)
configure:1712: result: yes
configure:1916: checking for gcc
configure:1932: found /usr/bin/gcc
configure:1942: result: gcc
configure:2186: checking for C compiler version
configure:2189: gcc --version </dev/null >&5
gcc (GCC) 4.1.2
Copyright (C) 2006 Free Software Foundation, Inc.
This is free software; see the source for copying conditions.  There is NO
warranty; not even for MERCHANTABILITY or FITNESS FOR A PARTICULAR PURPOSE.

configure:2192: $? = 0
configure:2194: gcc -v </dev/null >&5
Reading specs from /usr/lib64/gcc/x86_64-slamd64-linux/4.1.2/specs
Target: x86_64-slamd64-linux
Configured with: ../gcc-4.1.2/configure --prefix=/usr --libdir=/usr/lib64 --enable-shared --enable-languages=ada,c,c++,fortran,java,objc --enable-threads=posix --enable-__cxa_atexit --disable-checking --with-gnu-ld --verbose --target=x86_64-slamd64-linux --host=x86_64-slamd64-linux
Thread model: posix
gcc version 4.1.2
configure:2197: $? = 0
configure:2199: gcc -V </dev/null >&5
gcc: '-V' option must have argument
configure:2202: $? = 1
configure:2226: checking for C compiler default output
configure:2229: gcc    conftest.c  >&5
configure:2232: $? = 0
configure:2278: result: a.out
configure:2283: checking whether the C compiler works
configure:2289: ./a.out
configure:2292: $? = 0
configure:2309: result: yes
configure:2316: checking whether we are cross compiling
configure:2318: result: no
configure:2321: checking for suffix of executables
configure:2323: gcc -o conftest    conftest.c  >&5
configure:2326: $? = 0
configure:2351: result: 
configure:2357: checking for suffix of object files
configure:2379: gcc -c   conftest.c >&5
configure:2382: $? = 0
configure:2404: result: o
configure:2408: checking whether we are using the GNU C compiler
configure:2433: gcc -c   conftest.c >&5
configure:2436: $? = 0
configure:2439: test -s conftest.o
configure:2442: $? = 0
configure:2455: result: yes
configure:2461: checking whether gcc accepts -g
configure:2483: gcc -c -g  conftest.c >&5
configure:2486: $? = 0
configure:2489: test -s conftest.o
configure:2492: $? = 0
configure:2503: result: yes
configure:2520: checking for gcc option to accept ANSI C
configure:2581: gcc  -c -g -O2  conftest.c >&5
configure:2584: $? = 0
configure:2587: test -s conftest.o
configure:2590: $? = 0
configure:2608: result: none needed
configure:2626: gcc -c -g -O2  conftest.c >&5
conftest.c:2: error: expected '=', ',', ';', 'asm' or '__attribute__' before 'me'
configure:2629: $? = 1
configure: failed program was:
| #ifndef __cplusplus
|   choke me
| #endif
configure:2757: checking for style of include used by make
configure:2785: result: GNU
configure:2813: checking dependency style of gcc
configure:2875: result: gcc3
configure:2896: checking for gcc option to accept ANSI C
configure:2960: gcc  -c -g -O2  conftest.c >&5
configure:2963: $? = 0
configure:2966: test -s conftest.o
configure:2969: $? = 0
configure:2984: result: none needed
configure:3007: checking for a BSD-compatible install
configure:3061: result: /usr/bin/ginstall -c
configure:3144: checking build system type
configure:3162: result: x86_64-unknown-linux-gnu
configure:3170: checking host system type
configure:3184: result: x86_64-unknown-linux-gnu
configure:3214: checking for ld used by GCC
configure:3277: result: /usr/x86_64-slamd64-linux/bin/ld
configure:3286: checking if the linker (/usr/x86_64-slamd64-linux/bin/ld) is GNU ld
GNU ld (Linux/GNU Binutils) 2.17.50.0.17.20070615
configure:3298: result: yes
configure:3303: checking for /usr/x86_64-slamd64-linux/bin/ld option to reload object files
configure:3310: result: -r
configure:3315: checking for BSD-compatible nm
configure:3351: result: /usr/bin/nm -B
configure:3354: checking for a sed that does not truncate output
configure:3436: result: /usr/bin/sed
configure:3439: checking whether ln -s works
configure:3443: result: yes
configure:3450: checking how to recognise dependent libraries
configure:3631: result: file_magic ELF [0-9][0-9]*-bit [LM]SB (shared object|dynamic lib )
configure:3643: checking command to parse /usr/bin/nm -B output
configure:3727: gcc -c -g -O2  conftest.c >&5
configure:3730: $? = 0
configure:3734: /usr/bin/nm -B conftest.o \| sed -n -e 's/^.*[ 	]\([ABCDGISTW][ABCDGISTW]*\)[ 	][ 	]*\(\)\([_A-Za-z][_A-Za-z0-9]*\)$/\1 \2\3 \3/p' \> conftest.nm
configure:3737: $? = 0
configure:3789: gcc -o conftest -g -O2   conftest.c conftstm.o >&5
configure:3792: $? = 0
configure:3836: result: ok
configure:3845: checking how to run the C preprocessor
configure:3881: gcc -E  conftest.c
configure:3887: $? = 0
configure:3919: gcc -E  conftest.c
configure:3920:28: error: ac_nonexistent.h: No such file or directory
configure:3925: $? = 1
configure: failed program was:
| #line 3910 "configure"
| /* confdefs.h.  */
| 
| #define PACKAGE_NAME "GD"
| #define PACKAGE_TARNAME "gd"
| #define PACKAGE_VERSION "2.0.15"
| #define PACKAGE_STRING "GD 2.0.15"
| #define PACKAGE_BUGREPORT "gd@boutell.com"
| #define PACKAGE "gd"
| #define VERSION "2.0.15"
| /* end confdefs.h.  */
| #include <ac_nonexistent.h>
configure:3963: result: gcc -E
configure:3988: gcc -E  conftest.c
configure:3994: $? = 0
configure:4026: gcc -E  conftest.c
configure:4027:28: error: ac_nonexistent.h: No such file or directory
configure:4032: $? = 1
configure: failed program was:
| #line 4017 "configure"
| /* confdefs.h.  */
| 
| #define PACKAGE_NAME "GD"
| #define PACKAGE_TARNAME "gd"
| #define PACKAGE_VERSION "2.0.15"
| #define PACKAGE_STRING "GD 2.0.15"
| #define PACKAGE_BUGREPORT "gd@boutell.com"
| #define PACKAGE "gd"
| #define VERSION "2.0.15"
| /* end confdefs.h.  */
| #include <ac_nonexistent.h>
configure:4075: checking for egrep
configure:4085: result: grep -E
configure:4090: checking for ANSI C header files
configure:4116: gcc -c -g -O2  conftest.c >&5
configure:4119: $? = 0
configure:4122: test -s conftest.o
configure:4125: $? = 0
configure:4217: gcc -o conftest -g -O2   conftest.c  >&5
configure: In function 'main':
configure:4212: warning: incompatible implicit declaration of built-in function 'exit'
configure:4220: $? = 0
configure:4222: ./conftest
configure:4225: $? = 0
configure:4240: result: yes
configure:4264: checking for sys/types.h
configure:4281: gcc -c -g -O2  conftest.c >&5
configure:4284: $? = 0
configure:4287: test -s conftest.o
configure:4290: $? = 0
configure:4301: result: yes
configure:4264: checking for sys/stat.h
configure:4281: gcc -c -g -O2  conftest.c >&5
configure:4284: $? = 0
configure:4287: test -s conftest.o
configure:4290: $? = 0
configure:4301: result: yes
configure:4264: checking for stdlib.h
configure:4281: gcc -c -g -O2  conftest.c >&5
configure:4284: $? = 0
configure:4287: test -s conftest.o
configure:4290: $? = 0
configure:4301: result: yes
configure:4264: checking for string.h
configure:4281: gcc -c -g -O2  conftest.c >&5
configure:4284: $? = 0
configure:4287: test -s conftest.o
configure:4290: $? = 0
configure:4301: result: yes
configure:4264: checking for memory.h
configure:4281: gcc -c -g -O2  conftest.c >&5
configure:4284: $? = 0
configure:4287: test -s conftest.o
configure:4290: $? = 0
configure:4301: result: yes
configure:4264: checking for strings.h
configure:4281: gcc -c -g -O2  conftest.c >&5
configure:4284: $? = 0
configure:4287: test -s conftest.o
configure:4290: $? = 0
configure:4301: result: yes
configure:4264: checking for inttypes.h
configure:4281: gcc -c -g -O2  conftest.c >&5
configure:4284: $? = 0
configure:4287: test -s conftest.o
configure:4290: $? = 0
configure:4301: result: yes
configure:4264: checking for stdint.h
configure:4281: gcc -c -g -O2  conftest.c >&5
configure:4284: $? = 0
configure:4287: test -s conftest.o
configure:4290: $? = 0
configure:4301: result: yes
configure:4264: checking for unistd.h
configure:4281: gcc -c -g -O2  conftest.c >&5
configure:4284: $? = 0
configure:4287: test -s conftest.o
configure:4290: $? = 0
configure:4301: result: yes
configure:4327: checking dlfcn.h usability
configure:4340: gcc -c -g -O2  conftest.c >&5
configure:4343: $? = 0
configure:4346: test -s conftest.o
configure:4349: $? = 0
configure:4359: result: yes
configure:4363: checking dlfcn.h presence
configure:4374: gcc -E  conftest.c
configure:4380: $? = 0
configure:4399: result: yes
configure:4435: checking for dlfcn.h
configure:4442: result: yes
configure:4464: checking for file
configure:4519: result: /usr/bin/file
configure:4640: checking for ranlib
configure:4656: found /usr/bin/ranlib
configure:4667: result: ranlib
configure:4720: checking for strip
configure:4736: found /usr/bin/strip
configure:4747: result: strip
configure:4957: checking for objdir
configure:4968: result: .libs
configure:4985: checking for gcc option to produce PIC
configure:5131: result: -fPIC
configure:5135: checking if gcc PIC flag -fPIC works
configure:5159: gcc -c -g -O2 -fPIC -DPIC  conftest.c >&5
configure:5162: $? = 0
configure:5165: test -s conftest.o
configure:5168: $? = 0
configure:5206: result: yes
configure:5222: checking if gcc static flag -static works
configure:5247: gcc -o conftest -g -O2   -static conftest.c  >&5
configure:5250: $? = 0
configure:5253: test -s conftest
configure:5256: $? = 0
configure:5272: result: yes
configure:5284: checking if gcc supports -c -o file.o
configure:5304: gcc -c -g -O2 -o out/conftest2.o  conftest.c >&5
configure:5328: result: yes
configure:5333: checking if gcc supports -c -o file.lo
configure:5361: gcc -c -g -O2 -c -o conftest.lo  conftest.c >&5
configure:5364: $? = 0
configure:5367: test -s conftest.lo
configure:5370: $? = 0
configure:5392: result: yes
configure:5423: checking if gcc supports -fno-rtti -fno-exceptions
configure:5446: gcc -c -g -O2 -fno-rtti -fno-exceptions -c conftest.c  conftest.c >&5
cc1: warning: command line option "-fno-rtti" is valid for C++/ObjC++ but not for C
cc1: warning: command line option "-fno-rtti" is valid for C++/ObjC++ but not for C
configure:5449: $? = 0
configure:5452: test -s conftest.o
configure:5455: $? = 0
configure:5472: result: yes
configure:5483: checking whether the linker (/usr/x86_64-slamd64-linux/bin/ld) supports shared libraries
configure:6178: result: yes
configure:6183: checking how to hardcode library paths into programs
configure:6207: result: immediate
configure:6212: checking whether stripping libraries is possible
configure:6217: result: yes
configure:6228: checking dynamic linker characteristics
configure:6635: result: GNU/Linux ld.so
configure:6640: checking if libtool supports shared libraries
configure:6642: result: yes
configure:6645: checking whether to build shared libraries
configure:6666: result: yes
configure:6669: checking whether to build static libraries
configure:6673: result: yes
configure:7347: checking whether -lc should be explicitly linked in
configure:7355: gcc -c -g -O2  conftest.c >&5
configure:7358: $? = 0
configure:7372: gcc -shared conftest.o  -v -Wl,-soname -Wl,conftest -o conftest 2\>\&1 \| grep  -lc  \>/dev/null 2\>\&1
configure:7375: $? = 0
configure:7388: result: no
configure:7961: checking whether ln -s works
configure:7965: result: yes
configure:7972: checking whether make sets $(MAKE)
configure:7992: result: yes
configure:8042: checking for ranlib
configure:8069: result: ranlib
configure:8082: checking for X
configure:8188: gcc -E  conftest.c
configure:8194: $? = 0
configure:8302: result: libraries /usr/lib64, headers 
configure:8314: checking for ANSI C header files
configure:8464: result: yes
configure:8493: checking errno.h usability
configure:8506: gcc -c -g -O2  conftest.c >&5
configure:8509: $? = 0
configure:8512: test -s conftest.o
configure:8515: $? = 0
configure:8525: result: yes
configure:8529: checking errno.h presence
configure:8540: gcc -E  conftest.c
configure:8546: $? = 0
configure:8565: result: yes
configure:8601: checking for errno.h
configure:8608: result: yes
configure:8493: checking limits.h usability
configure:8506: gcc -c -g -O2  conftest.c >&5
configure:8509: $? = 0
configure:8512: test -s conftest.o
configure:8515: $? = 0
configure:8525: result: yes
configure:8529: checking limits.h presence
configure:8540: gcc -E  conftest.c
configure:8546: $? = 0
configure:8565: result: yes
configure:8601: checking for limits.h
configure:8608: result: yes
configure:8493: checking stddef.h usability
configure:8506: gcc -c -g -O2  conftest.c >&5
configure:8509: $? = 0
configure:8512: test -s conftest.o
configure:8515: $? = 0
configure:8525: result: yes
configure:8529: checking stddef.h presence
configure:8540: gcc -E  conftest.c
configure:8546: $? = 0
configure:8565: result: yes
configure:8601: checking for stddef.h
configure:8608: result: yes
configure:8484: checking for stdlib.h
configure:8489: result: yes
configure:8484: checking for string.h
configure:8489: result: yes
configure:8484: checking for unistd.h
configure:8489: result: yes
configure:8649: checking for ld used by GCC
configure:8712: result: /usr/x86_64-slamd64-linux/bin/ld
configure:8721: checking if the linker (/usr/x86_64-slamd64-linux/bin/ld) is GNU ld
GNU ld (Linux/GNU Binutils) 2.17.50.0.17.20070615
configure:8733: result: yes
configure:8739: checking for shared library run path origin
configure:8752: result: done
configure:9184: checking for iconv
configure:9212: gcc -o conftest -g -O2   -L/usr/lib64 conftest.c  >&5
configure:9215: $? = 0
configure:9218: test -s conftest
configure:9221: $? = 0
configure:9276: result: yes
configure:9299: checking for iconv declaration
configure:9334: gcc -c -g -O2  conftest.c >&5
configure:9337: $? = 0
configure:9340: test -s conftest.o
configure:9343: $? = 0
configure:9358: result: 
         extern size_t iconv (iconv_t cd, char * *inbuf, size_t *inbytesleft, char * *outbuf, size_t *outbytesleft);
configure:9386: checking iconv.h usability
configure:9399: gcc -c -g -O2  conftest.c >&5
configure:9402: $? = 0
configure:9405: test -s conftest.o
configure:9408: $? = 0
configure:9418: result: yes
configure:9422: checking iconv.h presence
configure:9433: gcc -E  conftest.c
configure:9439: $? = 0
configure:9458: result: yes
configure:9494: checking for iconv.h
configure:9501: result: yes
configure:9509: checking whether iconv.h defines iconv_t
configure:9523: result: yes
configure:9552: checking for sin
configure:9602: gcc -o conftest -g -O2   -L/usr/lib64 conftest.c  >&5
configure:9605: warning: conflicting types for built-in function 'sin'
/tmp/cc0uSXvZ.o: In function `main':
/usr/local/discovery/src/sky_dist.new/gd-2.0.15gif/configure:9620: undefined reference to `sin'
/tmp/cc0uSXvZ.o:(.data+0x0): undefined reference to `sin'
collect2: ld returned 1 exit status
configure:9605: $? = 1
configure: failed program was:
| #line 9557 "configure"
| /* confdefs.h.  */
| 
| #define PACKAGE_NAME "GD"
| #define PACKAGE_TARNAME "gd"
| #define PACKAGE_VERSION "2.0.15"
| #define PACKAGE_STRING "GD 2.0.15"
| #define PACKAGE_BUGREPORT "gd@boutell.com"
| #define PACKAGE "gd"
| #define VERSION "2.0.15"
| #define STDC_HEADERS 1
| #define HAVE_SYS_TYPES_H 1
| #define HAVE_SYS_STAT_H 1
| #define HAVE_STDLIB_H 1
| #define HAVE_STRING_H 1
| #define HAVE_MEMORY_H 1
| #define HAVE_STRINGS_H 1
| #define HAVE_INTTYPES_H 1
| #define HAVE_STDINT_H 1
| #define HAVE_UNISTD_H 1
| #define HAVE_DLFCN_H 1
| #define STDC_HEADERS 1
| #define HAVE_ERRNO_H 1
| #define HAVE_LIMITS_H 1
| #define HAVE_STDDEF_H 1
| #define HAVE_STDLIB_H 1
| #define HAVE_STRING_H 1
| #define HAVE_UNISTD_H 1
| #define HAVE_ICONV 1
| #define ICONV_CONST 
| #define HAVE_ICONV_H 1
| #define HAVE_ICONV_T_DEF 1
| /* end confdefs.h.  */
| /* System header to define __stub macros and hopefully few prototypes,
|     which can conflict with char sin (); below.
|     Prefer <limits.h> to <assert.h> if __STDC__ is defined, since
|     <limits.h> exists even on freestanding compilers.  */
| #ifdef __STDC__
| # include <limits.h>
| #else
| # include <assert.h>
| #endif
| /* Override any gcc2 internal prototype to avoid an error.  */
| #ifdef __cplusplus
| extern "C"
| {
| #endif
| /* We use char because int might match the return type of a gcc2
|    builtin and then its argument prototype would still apply.  */
| char sin ();
| /* The GNU C library defines this for functions which it implements
|     to always fail with ENOSYS.  Some functions are actually named
|     something starting with __ and the normal name is an alias.  */
| #if defined (__stub_sin) || defined (__stub___sin)
| choke me
| #else
| char (*f) () = sin;
| #endif
| #ifdef __cplusplus
| }
| #endif
| 
| int
| main ()
| {
| return f != sin;
|   ;
|   return 0;
| }
configure:9622: result: no
configure:9628: checking for sin in -lm
configure:9659: gcc -o conftest -g -O2   -L/usr/lib64 conftest.c -lm   >&5
configure:9674: warning: conflicting types for built-in function 'sin'
configure:9662: $? = 0
configure:9665: test -s conftest
configure:9668: $? = 0
configure:9680: result: yes
configure:9694: checking for deflate in -lz
configure:9725: gcc -o conftest -g -O2   -L/usr/lib64 conftest.c -lz  -lm  >&5
configure:9728: $? = 0
configure:9731: test -s conftest
configure:9734: $? = 0
configure:9746: result: yes
configure:9773: checking for libpng-config
configure:9791: found /usr/bin/libpng-config
configure:9803: result: /usr/bin/libpng-config
configure:9839: checking png.h usability
configure:9852: gcc -c -g -O2  -I/usr/include/libpng12 -DPNG_NO_MMX_CODE conftest.c >&5
configure:9855: $? = 0
configure:9858: test -s conftest.o
configure:9861: $? = 0
configure:9871: result: yes
configure:9875: checking png.h presence
configure:9886: gcc -E  -I/usr/include/libpng12 -DPNG_NO_MMX_CODE conftest.c
configure:9892: $? = 0
configure:9911: result: yes
configure:9947: checking for png.h
configure:9954: result: yes
configure:10114: checking for png_create_read_struct in -lpng
configure:10145: gcc -o conftest -g -O2  -I/usr/include/libpng12 -DPNG_NO_MMX_CODE  -L/usr/lib64  -L/usr/lib64 conftest.c -lpng  -lz -lm  >&5
configure:10148: $? = 0
configure:10151: test -s conftest
configure:10154: $? = 0
configure:10166: result: yes
configure:10244: checking for freetype-config
configure:10262: found /usr/bin/freetype-config
configure:10274: result: /usr/bin/freetype-config
configure:10307: checking for FT_Init_FreeType in -lfreetype
configure:10338: gcc -o conftest -g -O2 -I/usr/include/freetype2  -I/usr/include/libpng12 -DPNG_NO_MMX_CODE   -L/usr/lib64  -L/usr/lib64 conftest.c -lfreetype  -lpng -lz -lm  >&5
configure:10341: $? = 0
configure:10344: test -s conftest
configure:10347: $? = 0
configure:10359: result: yes
configure:10389: checking freetype/freetype.h usability
configure:10402: gcc -c -g -O2 -I/usr/include/freetype2  -I/usr/include/libpng12 -DPNG_NO_MMX_CODE conftest.c >&5
configure:10405: $? = 0
configure:10408: test -s conftest.o
configure:10411: $? = 0
configure:10421: result: yes
configure:10425: checking freetype/freetype.h presence
configure:10436: gcc -E -I/usr/include/freetype2  -I/usr/include/libpng12 -DPNG_NO_MMX_CODE conftest.c
configure:10442: $? = 0
configure:10461: result: yes
configure:10497: checking for freetype/freetype.h
configure:10504: result: yes
configure:10512: checking whether it's freetype 2
configure:10526: result: yes
configure:10561: checking for jpeg_set_defaults in -ljpeg
configure:10592: gcc -o conftest -g -O2 -I/usr/include/freetype2  -I/usr/include/libpng12 -DPNG_NO_MMX_CODE   -L/usr/lib64  -L/usr/lib64 conftest.c -ljpeg  -lfreetype -lpng -lz -lm  >&5
configure:10595: $? = 0
configure:10598: test -s conftest
configure:10601: $? = 0
configure:10613: result: yes
configure:10641: checking for XpmReadFileToXpmImage in -lXpm
configure:10672: gcc -o conftest -g -O2 -I/usr/include/freetype2  -I/usr/include/libpng12 -DPNG_NO_MMX_CODE   -L/usr/lib64  -L/usr/lib64 conftest.c -lXpm -lX11 -ljpeg -lfreetype -lpng -lz -lm  >&5
configure:10675: $? = 0
configure:10678: test -s conftest
configure:10681: $? = 0
configure:10693: result: yes
configure:10715: result:
** Configuration summary for gd 2.0.15:

   Support for PNG library:          yes
   Support for JPEG library:         yes
   Support for Freetype 2.x library: yes
   Support for Xpm library:          yes

configure:10837: creating ./config.status

## ---------------------- ##
## Running config.status. ##
## ---------------------- ##

This file was extended by GD config.status 2.0.15, which was
generated by GNU Autoconf 2.57.  Invocation command line was

  CONFIG_FILES    = 
  CONFIG_HEADERS  = 
  CONFIG_LINKS    = 
  CONFIG_COMMANDS = 
  $ ./config.status 

on www

config.status:675: creating Makefile
config.status:675: creating config/Makefile
config.status:675: creating config/gdlib-config
config.status:675: creating test/Makefile
config.status:779: creating config.h
config.status:924: config.h is unchanged
config.status:1037: executing depfiles commands

## ---------------- ##
## Cache variables. ##
## ---------------- ##

ac_cv_build=x86_64-unknown-linux-gnu
ac_cv_build_alias=x86_64-unknown-linux-gnu
ac_cv_c_compiler_gnu=yes
ac_cv_env_CC_set=
ac_cv_env_CC_value=
ac_cv_env_CFLAGS_set=
ac_cv_env_CFLAGS_value=
ac_cv_env_CPPFLAGS_set=
ac_cv_env_CPPFLAGS_value=
ac_cv_env_CPP_set=
ac_cv_env_CPP_value=
ac_cv_env_LDFLAGS_set=
ac_cv_env_LDFLAGS_value=
ac_cv_env_build_alias_set=
ac_cv_env_build_alias_value=
ac_cv_env_host_alias_set=
ac_cv_env_host_alias_value=
ac_cv_env_target_alias_set=
ac_cv_env_target_alias_value=
ac_cv_exeext=
ac_cv_func_sin=no
ac_cv_have_x='have_x=yes 		ac_x_includes= ac_x_libraries=/usr/lib64'
ac_cv_header_dlfcn_h=yes
ac_cv_header_errno_h=yes
ac_cv_header_freetype_freetype_h=yes
ac_cv_header_iconv_h=yes
ac_cv_header_inttypes_h=yes
ac_cv_header_limits_h=yes
ac_cv_header_memory_h=yes
ac_cv_header_png_h=yes
ac_cv_header_stdc=yes
ac_cv_header_stddef_h=yes
ac_cv_header_stdint_h=yes
ac_cv_header_stdlib_h=yes
ac_cv_header_string_h=yes
ac_cv_header_strings_h=yes
ac_cv_header_sys_stat_h=yes
ac_cv_header_sys_types_h=yes
ac_cv_header_unistd_h=yes
ac_cv_host=x86_64-unknown-linux-gnu
ac_cv_host_alias=x86_64-unknown-linux-gnu
ac_cv_lib_Xpm_XpmReadFileToXpmImage=yes
ac_cv_lib_freetype_FT_Init_FreeType=yes
ac_cv_lib_jpeg_jpeg_set_defaults=yes
ac_cv_lib_m_sin=yes
ac_cv_lib_png_png_create_read_struct=yes
ac_cv_lib_z_deflate=yes
ac_cv_objext=o
ac_cv_path_FREETYPE_CONFIG=/usr/bin/freetype-config
ac_cv_path_LIBPNG_CONFIG=/usr/bin/libpng-config
ac_cv_path_install='/usr/bin/ginstall -c'
ac_cv_prog_AWK=gawk
ac_cv_prog_CPP='gcc -E'
ac_cv_prog_ac_ct_CC=gcc
ac_cv_prog_ac_ct_RANLIB=ranlib
ac_cv_prog_ac_ct_STRIP=strip
ac_cv_prog_cc_g=yes
ac_cv_prog_cc_stdc=
ac_cv_prog_egrep='grep -E'
ac_cv_prog_make_make_set=yes
acl_cv_hardcode_direct=no
acl_cv_hardcode_libdir_flag_spec='${wl}-rpath ${wl}$libdir'
acl_cv_hardcode_libdir_separator=
acl_cv_hardcode_minus_L=no
acl_cv_libext=a
acl_cv_path_LD=/usr/x86_64-slamd64-linux/bin/ld
acl_cv_prog_gnu_ld=yes
acl_cv_rpath=done
acl_cv_shlibext=so
acl_cv_sys_lib_dlsearch_path_spec='/lib /usr/lib'
acl_cv_sys_lib_search_path_spec='/lib /usr/lib /usr/local/lib'
acl_cv_wl=-Wl,
am_cv_CC_dependencies_compiler_type=gcc3
am_cv_func_iconv=yes
am_cv_lib_iconv=no
am_cv_prog_cc_stdc=
am_cv_proto_iconv='extern size_t iconv (iconv_t cd, char * *inbuf, size_t *inbytesleft, char * *outbuf, size_t *outbytesleft);'
am_cv_proto_iconv_arg1=
lt_cv_archive_cmds_need_lc=no
lt_cv_compiler_c_o=yes
lt_cv_compiler_o_lo=yes
lt_cv_deplibs_check_method='file_magic ELF [0-9][0-9]*-bit [LM]SB (shared object|dynamic lib )'
lt_cv_file_magic_cmd='$MAGIC_CMD'
lt_cv_file_magic_test_file='/lib/libc.so.6 /lib/libc-2.5.so'
lt_cv_global_symbol_to_c_name_address='sed -n -e '\''s/^: \([^ ]*\) $/  {\"\1\", (lt_ptr) 0},/p'\'' -e '\''s/^[BCDEGRST] \([^ ]*\) \([^ ]*\)$/  {"\2", (lt_ptr) \&\2},/p'\'''
lt_cv_global_symbol_to_cdecl='sed -n -e '\''s/^. .* \(.*\)$/extern char \1;/p'\'''
lt_cv_ld_reload_flag=-r
lt_cv_path_LD=/usr/x86_64-slamd64-linux/bin/ld
lt_cv_path_MAGIC_CMD=/usr/bin/file
lt_cv_path_NM='/usr/bin/nm -B'
lt_cv_path_SED=/usr/bin/sed
lt_cv_prog_cc_can_build_shared=yes
lt_cv_prog_cc_no_builtin=
lt_cv_prog_cc_pic=' -fPIC'
lt_cv_prog_cc_pic_works=yes
lt_cv_prog_cc_shlib=
lt_cv_prog_cc_static=-static
lt_cv_prog_cc_static_works=yes
lt_cv_prog_cc_wl=-Wl,
lt_cv_prog_gnu_ld=yes
lt_cv_sys_global_symbol_pipe='sed -n -e '\''s/^.*[ 	]\([ABCDGISTW][ABCDGISTW]*\)[ 	][ 	]*\(\)\([_A-Za-z][_A-Za-z0-9]*\)$/\1 \2\3 \3/p'\'''

## ----------------- ##
## Output variables. ##
## ----------------- ##

ACLOCAL='${SHELL} /usr/local/discovery/src/sky_dist.new/gd-2.0.15gif/config/missing --run aclocal-1.7'
AMDEPBACKSLASH='\'
AMDEP_FALSE='#'
AMDEP_TRUE=''
AMTAR='${SHELL} /usr/local/discovery/src/sky_dist.new/gd-2.0.15gif/config/missing --run tar'
AUTOCONF='${SHELL} /usr/local/discovery/src/sky_dist.new/gd-2.0.15gif/config/missing --run autoconf'
AUTOHEADER='${SHELL} /usr/local/discovery/src/sky_dist.new/gd-2.0.15gif/config/missing --run autoheader'
AUTOMAKE='${SHELL} /usr/local/discovery/src/sky_dist.new/gd-2.0.15gif/config/missing --run automake-1.7'
AWK='gawk'
CC='gcc'
CCDEPMODE='depmode=gcc3'
CFLAGS='-g -O2'
CPP='gcc -E'
CPPFLAGS='-I/usr/include/freetype2  -I/usr/include/libpng12 -DPNG_NO_MMX_CODE'
CYGPATH_W='echo'
DEFS='-DHAVE_CONFIG_H'
DEPDIR='.deps'
ECHO='echo'
ECHO_C=''
ECHO_N='-n'
ECHO_T=''
EGREP='grep -E'
EXEEXT=''
FREETYPE_CONFIG='/usr/bin/freetype-config'
GDLIBNAME='gd'
GDLIB_MAJOR='2'
GDLIB_MINOR='0'
GDLIB_REVISION='15'
INSTALL_DATA='${INSTALL} -m 644'
INSTALL_PROGRAM='${INSTALL}'
INSTALL_SCRIPT='${INSTALL}'
INSTALL_STRIP_PROGRAM='${SHELL} $(install_sh) -c -s'
LDFLAGS='  -L/usr/lib64  -L/usr/lib64'
LIBICONV=''
LIBOBJS=''
LIBPNG_CONFIG='/usr/bin/libpng-config'
LIBS='-lXpm -lX11 -ljpeg -lfreetype -lpng -lz -lm '
LIBTOOL='$(SHELL) $(top_builddir)/libtool'
LN_S='ln -s'
LTLIBICONV=''
LTLIBOBJS=''
MAKEINFO='${SHELL} /usr/local/discovery/src/sky_dist.new/gd-2.0.15gif/config/missing --run makeinfo'
OBJEXT='o'
PACKAGE='gd'
PACKAGE_BUGREPORT='gd@boutell.com'
PACKAGE_NAME='GD'
PACKAGE_STRING='GD 2.0.15'
PACKAGE_TARNAME='gd'
PACKAGE_VERSION='2.0.15'
PATH_SEPARATOR=':'
RANLIB='ranlib'
SET_MAKE=''
SHELL='/bin/sh'
STRIP='strip'
VERSION='2.0.15'
ac_ct_CC='gcc'
ac_ct_RANLIB='ranlib'
ac_ct_STRIP='strip'
am__fastdepCC_FALSE='#'
am__fastdepCC_TRUE=''
am__include='include'
am__quote=''
bindir='${exec_prefix}/bin'
build='x86_64-unknown-linux-gnu'
build_alias=''
build_cpu='x86_64'
build_os='linux-gnu'
build_vendor='unknown'
datadir='${prefix}/share'
exec_prefix='${prefix}'
host='x86_64-unknown-linux-gnu'
host_alias=''
host_cpu='x86_64'
host_os='linux-gnu'
host_vendor='unknown'
includedir='${prefix}/include'
infodir='${prefix}/info'
install_sh='/usr/local/discovery/src/sky_dist.new/gd-2.0.15gif/config/install-sh'
libdir='${exec_prefix}/lib'
libexecdir='${exec_prefix}/libexec'
localstatedir='${prefix}/var'
mandir='${prefix}/man'
oldincludedir='/usr/include'
prefix='/usr/local'
program_transform_name='s,x,x,'
sbindir='${exec_prefix}/sbin'
sharedstatedir='${prefix}/com'
sysconfdir='${prefix}/etc'
target_alias=''

## ----------- ##
## confdefs.h. ##
## ----------- ##

#define HAVE_DLFCN_H 1
#define HAVE_ERRNO_H 1
#define HAVE_FREETYPE_FREETYPE_H 1
#define HAVE_ICONV 1
#define HAVE_ICONV_H 1
#define HAVE_ICONV_T_DEF 1
#define HAVE_INTTYPES_H 1
#define HAVE_LIBFREETYPE 1
#define HAVE_LIBJPEG 1
#define HAVE_LIBM 1
#define HAVE_LIBPNG 1
#define HAVE_LIBXPM 1
#define HAVE_LIBZ 1
#define HAVE_LIMITS_H 1
#define HAVE_MEMORY_H 1
#define HAVE_PNG_H 1
#define HAVE_STDDEF_H 1
#define HAVE_STDINT_H 1
#define HAVE_STDLIB_H 1
#define HAVE_STDLIB_H 1
#define HAVE_STRINGS_H 1
#define HAVE_STRING_H 1
#define HAVE_STRING_H 1
#define HAVE_SYS_STAT_H 1
#define HAVE_SYS_TYPES_H 1
#define HAVE_UNISTD_H 1
#define HAVE_UNISTD_H 1
#define ICONV_CONST 
#define PACKAGE "gd"
#define PACKAGE_BUGREPORT "gd@boutell.com"
#define PACKAGE_NAME "GD"
#define PACKAGE_STRING "GD 2.0.15"
#define PACKAGE_TARNAME "gd"
#define PACKAGE_VERSION "2.0.15"
#define STDC_HEADERS 1
#define STDC_HEADERS 1
#define VERSION "2.0.15"

configure: exit 0
